{"/home/travis/build/npmtest/node-npmtest-path-to-regexp/test.js":{"path":"/home/travis/build/npmtest/node-npmtest-path-to-regexp/test.js","s":{"1":2,"2":2,"3":2,"4":2,"5":2,"6":2,"7":2,"8":1,"9":2,"10":2,"11":1,"12":1,"13":1,"14":1,"15":2,"16":2,"17":2,"18":2,"19":1,"20":1,"21":2,"22":2,"23":2,"24":1,"25":1,"26":1,"27":1,"28":1,"29":1,"30":1,"31":1,"32":1,"33":1,"34":1,"35":1,"36":1,"37":1,"38":1,"39":2,"40":2,"41":1,"42":2,"43":2,"44":1,"45":2,"46":2,"47":1,"48":2,"49":2,"50":1,"51":1,"52":1,"53":1,"54":1},"b":{"1":[2,1,1,1],"2":[1,1,1,1],"3":[1,1],"4":[1,1],"5":[1,1],"6":[1,1],"7":[1,1],"8":[1,1],"9":[1,1],"10":[1,1,1],"11":[1,1],"12":[1,1],"13":[1,1],"14":[1,1],"15":[1,1],"16":[1,1],"17":[1,1]},"f":{"1":2,"2":2,"3":2,"4":2,"5":2,"6":1,"7":1,"8":1,"9":2,"10":2,"11":2,"12":2,"13":1},"fnMap":{"1":{"name":"(anonymous_1)","line":12,"loc":{"start":{"line":12,"column":1},"end":{"line":12,"column":13}}},"2":{"name":"(anonymous_2)","line":19,"loc":{"start":{"line":19,"column":5},"end":{"line":19,"column":17}}},"3":{"name":"(anonymous_3)","line":23,"loc":{"start":{"line":23,"column":24},"end":{"line":23,"column":36}}},"4":{"name":"(anonymous_4)","line":61,"loc":{"start":{"line":61,"column":5},"end":{"line":61,"column":17}}},"5":{"name":"(anonymous_5)","line":82,"loc":{"start":{"line":82,"column":5},"end":{"line":82,"column":17}}},"6":{"name":"(anonymous_6)","line":91,"loc":{"start":{"line":91,"column":77},"end":{"line":94,"column":10}}},"7":{"name":"(anonymous_7)","line":112,"loc":{"start":{"line":112,"column":83},"end":{"line":115,"column":10}},"skip":true},"8":{"name":"(anonymous_8)","line":123,"loc":{"start":{"line":123,"column":77},"end":{"line":126,"column":10}},"skip":true},"9":{"name":"(anonymous_9)","line":139,"loc":{"start":{"line":139,"column":12},"end":{"line":139,"column":40}},"skip":true},"10":{"name":"(anonymous_10)","line":147,"loc":{"start":{"line":147,"column":77},"end":{"line":150,"column":10}},"skip":true},"11":{"name":"(anonymous_11)","line":158,"loc":{"start":{"line":158,"column":83},"end":{"line":161,"column":10}},"skip":true},"12":{"name":"(anonymous_12)","line":169,"loc":{"start":{"line":169,"column":79},"end":{"line":172,"column":10}},"skip":true},"13":{"name":"(anonymous_13)","line":180,"loc":{"start":{"line":180,"column":75},"end":{"line":183,"column":10}},"skip":true}},"statementMap":{"1":{"start":{"line":12,"column":0},"end":{"line":195,"column":5}},"2":{"start":{"line":14,"column":4},"end":{"line":14,"column":14}},"3":{"start":{"line":19,"column":4},"end":{"line":56,"column":9}},"4":{"start":{"line":21,"column":8},"end":{"line":21,"column":19}},"5":{"start":{"line":23,"column":8},"end":{"line":35,"column":13}},"6":{"start":{"line":24,"column":12},"end":{"line":34,"column":13}},"7":{"start":{"line":25,"column":16},"end":{"line":28,"column":30}},"8":{"start":{"line":30,"column":16},"end":{"line":33,"column":27}},"9":{"start":{"line":37,"column":8},"end":{"line":39,"column":21}},"10":{"start":{"line":40,"column":8},"end":{"line":53,"column":9}},"11":{"start":{"line":43,"column":12},"end":{"line":46,"column":14}},"12":{"start":{"line":47,"column":12},"end":{"line":47,"column":18}},"13":{"start":{"line":50,"column":12},"end":{"line":51,"column":46}},"14":{"start":{"line":52,"column":12},"end":{"line":52,"column":18}},"15":{"start":{"line":55,"column":8},"end":{"line":55,"column":35}},"16":{"start":{"line":61,"column":4},"end":{"line":63,"column":9}},"17":{"start":{"line":62,"column":8},"end":{"line":62,"column":15}},"18":{"start":{"line":64,"column":4},"end":{"line":77,"column":5}},"19":{"start":{"line":70,"column":8},"end":{"line":70,"column":14}},"20":{"start":{"line":76,"column":8},"end":{"line":76,"column":14}},"21":{"start":{"line":82,"column":4},"end":{"line":84,"column":9}},"22":{"start":{"line":83,"column":8},"end":{"line":83,"column":15}},"23":{"start":{"line":85,"column":4},"end":{"line":194,"column":5}},"24":{"start":{"line":91,"column":8},"end":{"line":99,"column":10}},"25":{"start":{"line":98,"column":12},"end":{"line":98,"column":35}},"26":{"start":{"line":102,"column":8},"end":{"line":104,"column":63}},"27":{"start":{"line":105,"column":8},"end":{"line":105,"column":14}},"28":{"start":{"line":112,"column":8},"end":{"line":121,"column":10},"skip":true},"29":{"start":{"line":119,"column":12},"end":{"line":119,"column":55},"skip":true},"30":{"start":{"line":120,"column":12},"end":{"line":120,"column":48},"skip":true},"31":{"start":{"line":123,"column":8},"end":{"line":136,"column":10},"skip":true},"32":{"start":{"line":130,"column":12},"end":{"line":130,"column":76},"skip":true},"33":{"start":{"line":131,"column":12},"end":{"line":131,"column":73},"skip":true},"34":{"start":{"line":132,"column":12},"end":{"line":132,"column":74},"skip":true},"35":{"start":{"line":133,"column":12},"end":{"line":133,"column":79},"skip":true},"36":{"start":{"line":134,"column":12},"end":{"line":134,"column":25},"skip":true},"37":{"start":{"line":135,"column":12},"end":{"line":135,"column":45},"skip":true},"38":{"start":{"line":138,"column":8},"end":{"line":145,"column":14},"skip":true},"39":{"start":{"line":143,"column":16},"end":{"line":143,"column":29},"skip":true},"40":{"start":{"line":144,"column":16},"end":{"line":144,"column":55},"skip":true},"41":{"start":{"line":147,"column":8},"end":{"line":156,"column":10},"skip":true},"42":{"start":{"line":154,"column":12},"end":{"line":154,"column":25},"skip":true},"43":{"start":{"line":155,"column":12},"end":{"line":155,"column":45},"skip":true},"44":{"start":{"line":158,"column":8},"end":{"line":167,"column":10},"skip":true},"45":{"start":{"line":165,"column":12},"end":{"line":165,"column":25},"skip":true},"46":{"start":{"line":166,"column":12},"end":{"line":166,"column":48},"skip":true},"47":{"start":{"line":169,"column":8},"end":{"line":178,"column":10},"skip":true},"48":{"start":{"line":176,"column":12},"end":{"line":176,"column":25},"skip":true},"49":{"start":{"line":177,"column":12},"end":{"line":177,"column":46},"skip":true},"50":{"start":{"line":180,"column":8},"end":{"line":189,"column":10},"skip":true},"51":{"start":{"line":187,"column":12},"end":{"line":187,"column":94},"skip":true},"52":{"start":{"line":188,"column":12},"end":{"line":188,"column":48},"skip":true},"53":{"start":{"line":192,"column":8},"end":{"line":192,"column":35},"skip":true},"54":{"start":{"line":193,"column":8},"end":{"line":193,"column":14},"skip":true}},"branchMap":{"1":{"line":25,"type":"binary-expr","locations":[{"start":{"line":25,"column":23},"end":{"line":25,"column":62}},{"start":{"line":26,"column":20},"end":{"line":26,"column":70}},{"start":{"line":27,"column":20},"end":{"line":27,"column":71}},{"start":{"line":28,"column":20},"end":{"line":28,"column":29}}]},"2":{"line":30,"type":"binary-expr","locations":[{"start":{"line":30,"column":23},"end":{"line":30,"column":37}},{"start":{"line":31,"column":20},"end":{"line":31,"column":61}},{"start":{"line":32,"column":20},"end":{"line":32,"column":70}},{"start":{"line":33,"column":20},"end":{"line":33,"column":26}}]},"3":{"line":37,"type":"cond-expr","locations":[{"start":{"line":38,"column":14},"end":{"line":38,"column":20}},{"start":{"line":39,"column":14},"end":{"line":39,"column":20}}]},"4":{"line":40,"type":"switch","locations":[{"start":{"line":42,"column":8},"end":{"line":47,"column":18}},{"start":{"line":49,"column":8},"end":{"line":52,"column":18}}]},"5":{"line":44,"type":"binary-expr","locations":[{"start":{"line":44,"column":16},"end":{"line":44,"column":44}},{"start":{"line":44,"column":48},"end":{"line":44,"column":66}}]},"6":{"line":50,"type":"binary-expr","locations":[{"start":{"line":50,"column":21},"end":{"line":50,"column":49}},{"start":{"line":50,"column":53},"end":{"line":50,"column":72}}]},"7":{"line":64,"type":"switch","locations":[{"start":{"line":69,"column":4},"end":{"line":70,"column":14}},{"start":{"line":75,"column":4},"end":{"line":76,"column":14}}]},"8":{"line":85,"type":"switch","locations":[{"start":{"line":90,"column":4},"end":{"line":105,"column":14}},{"start":{"line":111,"column":4},"end":{"line":193,"column":14},"skip":true}]},"9":{"line":91,"type":"binary-expr","locations":[{"start":{"line":91,"column":42},"end":{"line":91,"column":73}},{"start":{"line":91,"column":77},"end":{"line":99,"column":9}}]},"10":{"line":102,"type":"binary-expr","locations":[{"start":{"line":102,"column":18},"end":{"line":102,"column":32}},{"start":{"line":103,"column":12},"end":{"line":103,"column":53}},{"start":{"line":104,"column":12},"end":{"line":104,"column":61}}]},"11":{"line":112,"type":"binary-expr","locations":[{"start":{"line":112,"column":45},"end":{"line":112,"column":79},"skip":true},{"start":{"line":112,"column":83},"end":{"line":121,"column":9},"skip":true}]},"12":{"line":123,"type":"binary-expr","locations":[{"start":{"line":123,"column":42},"end":{"line":123,"column":73},"skip":true},{"start":{"line":123,"column":77},"end":{"line":136,"column":9},"skip":true}]},"13":{"line":138,"type":"binary-expr","locations":[{"start":{"line":138,"column":48},"end":{"line":138,"column":85},"skip":true},{"start":{"line":139,"column":12},"end":{"line":145,"column":13},"skip":true}]},"14":{"line":147,"type":"binary-expr","locations":[{"start":{"line":147,"column":42},"end":{"line":147,"column":73},"skip":true},{"start":{"line":147,"column":77},"end":{"line":156,"column":9},"skip":true}]},"15":{"line":158,"type":"binary-expr","locations":[{"start":{"line":158,"column":45},"end":{"line":158,"column":79},"skip":true},{"start":{"line":158,"column":83},"end":{"line":167,"column":9},"skip":true}]},"16":{"line":169,"type":"binary-expr","locations":[{"start":{"line":169,"column":43},"end":{"line":169,"column":75},"skip":true},{"start":{"line":169,"column":79},"end":{"line":178,"column":9},"skip":true}]},"17":{"line":180,"type":"binary-expr","locations":[{"start":{"line":180,"column":41},"end":{"line":180,"column":71},"skip":true},{"start":{"line":180,"column":75},"end":{"line":189,"column":9},"skip":true}]}},"code":["/* istanbul instrument in package npmtest_path_to_regexp */","/*jslint","    bitwise: true,","    browser: true,","    maxerr: 8,","    maxlen: 96,","    node: true,","    nomen: true,","    regexp: true,","    stupid: true","*/","(function () {","    'use strict';","    var local;","","","","    // run shared js-env code - pre-init","    (function () {","        // init local","        local = {};","        // init modeJs","        local.modeJs = (function () {","            try {","                return typeof navigator.userAgent === 'string' &&","                    typeof document.querySelector('body') === 'object' &&","                    typeof XMLHttpRequest.prototype.open === 'function' &&","                    'browser';","            } catch (errorCaughtBrowser) {","                return module.exports &&","                    typeof process.versions.node === 'string' &&","                    typeof require('http').createServer === 'function' &&","                    'node';","            }","        }());","        // init global","        local.global = local.modeJs === 'browser'","            ? window","            : global;","        switch (local.modeJs) {","        // re-init local from window.local","        case 'browser':","            local = local.global.utility2.objectSetDefault(","                local.global.utility2_rollup || local.global.local,","                local.global.utility2","            );","            break;","        // re-init local from example.js","        case 'node':","            local = (local.global.utility2_rollup || require('utility2'))","                .requireExampleJsFromReadme();","            break;","        }","        // export local","        local.global.local = local;","    }());","","","","    // run shared js-env code - function","    (function () {","        return;","    }());","    switch (local.modeJs) {","","","","    // run browser js-env code - function","    case 'browser':","        break;","","","","    // run node js-env code - function","    case 'node':","        break;","    }","","","","    // run shared js-env code - post-init","    (function () {","        return;","    }());","    switch (local.modeJs) {","","","","    // run browser js-env code - post-init","    case 'browser':","        local.testCase_browser_nullCase = local.testCase_browser_nullCase || function (","            options,","            onError","        ) {","        /*","         * this function will test browsers's null-case handling-behavior-behavior","         */","            onError(null, options);","        };","","        // run tests","        local.nop(local.modeTest &&","            document.querySelector('#testRunButton1') &&","            document.querySelector('#testRunButton1').click());","        break;","","","","    // run node js-env code - post-init","    /* istanbul ignore next */","    case 'node':","        local.testCase_buildApidoc_default = local.testCase_buildApidoc_default || function (","            options,","            onError","        ) {","        /*","         * this function will test buildApidoc's default handling-behavior-behavior","         */","            options = { modulePathList: module.paths };","            local.buildApidoc(options, onError);","        };","","        local.testCase_buildApp_default = local.testCase_buildApp_default || function (","            options,","            onError","        ) {","        /*","         * this function will test buildApp's default handling-behavior-behavior","         */","            local.testCase_buildReadme_default(options, local.onErrorThrow);","            local.testCase_buildLib_default(options, local.onErrorThrow);","            local.testCase_buildTest_default(options, local.onErrorThrow);","            local.testCase_buildCustomOrg_default(options, local.onErrorThrow);","            options = [];","            local.buildApp(options, onError);","        };","","        local.testCase_buildCustomOrg_default = local.testCase_buildCustomOrg_default ||","            function (options, onError) {","            /*","             * this function will test buildCustomOrg's default handling-behavior","             */","                options = {};","                local.buildCustomOrg(options, onError);","            };","","        local.testCase_buildLib_default = local.testCase_buildLib_default || function (","            options,","            onError","        ) {","        /*","         * this function will test buildLib's default handling-behavior","         */","            options = {};","            local.buildLib(options, onError);","        };","","        local.testCase_buildReadme_default = local.testCase_buildReadme_default || function (","            options,","            onError","        ) {","        /*","         * this function will test buildReadme's default handling-behavior-behavior","         */","            options = {};","            local.buildReadme(options, onError);","        };","","        local.testCase_buildTest_default = local.testCase_buildTest_default || function (","            options,","            onError","        ) {","        /*","         * this function will test buildTest's default handling-behavior","         */","            options = {};","            local.buildTest(options, onError);","        };","","        local.testCase_webpage_default = local.testCase_webpage_default || function (","            options,","            onError","        ) {","        /*","         * this function will test webpage's default handling-behavior","         */","            options = { modeCoverageMerge: true, url: local.serverLocalHost + '?modeTest=1' };","            local.browserTest(options, onError);","        };","","        // run test-server","        local.testRunServer(local);","        break;","    }","}());",""],"l":{"12":2,"14":2,"19":2,"21":2,"23":2,"24":2,"25":2,"30":1,"37":2,"40":2,"43":1,"47":1,"50":1,"52":1,"55":2,"61":2,"62":2,"64":2,"70":1,"76":1,"82":2,"83":2,"85":2,"91":1,"98":1,"102":1,"105":1,"112":1,"119":1,"120":1,"123":1,"130":1,"131":1,"132":1,"133":1,"134":1,"135":1,"138":1,"143":2,"144":2,"147":1,"154":2,"155":2,"158":1,"165":2,"166":2,"169":1,"176":2,"177":2,"180":1,"187":1,"188":1,"192":1,"193":1}},"/home/travis/build/npmtest/node-npmtest-path-to-regexp/lib.npmtest_path_to_regexp.js":{"path":"/home/travis/build/npmtest/node-npmtest-path-to-regexp/lib.npmtest_path_to_regexp.js","s":{"1":2,"2":2,"3":2,"4":2,"5":2,"6":2,"7":2,"8":1,"9":2,"10":2,"11":2,"12":2,"13":1,"14":1,"15":1,"16":1},"b":{"1":[2,1,1,1],"2":[1,1,1,1],"3":[1,1],"4":[2,2],"5":[1,1]},"f":{"1":2,"2":2,"3":2},"fnMap":{"1":{"name":"(anonymous_1)","line":12,"loc":{"start":{"line":12,"column":1},"end":{"line":12,"column":13}}},"2":{"name":"(anonymous_2)","line":19,"loc":{"start":{"line":19,"column":5},"end":{"line":19,"column":17}}},"3":{"name":"(anonymous_3)","line":23,"loc":{"start":{"line":23,"column":24},"end":{"line":23,"column":36}}}},"statementMap":{"1":{"start":{"line":12,"column":0},"end":{"line":53,"column":5}},"2":{"start":{"line":14,"column":4},"end":{"line":14,"column":14}},"3":{"start":{"line":19,"column":4},"end":{"line":52,"column":9}},"4":{"start":{"line":21,"column":8},"end":{"line":21,"column":19}},"5":{"start":{"line":23,"column":8},"end":{"line":35,"column":13}},"6":{"start":{"line":24,"column":12},"end":{"line":34,"column":13}},"7":{"start":{"line":25,"column":16},"end":{"line":28,"column":30}},"8":{"start":{"line":30,"column":16},"end":{"line":33,"column":27}},"9":{"start":{"line":37,"column":8},"end":{"line":39,"column":21}},"10":{"start":{"line":41,"column":8},"end":{"line":41,"column":54}},"11":{"start":{"line":43,"column":8},"end":{"line":43,"column":59}},"12":{"start":{"line":45,"column":8},"end":{"line":51,"column":9}},"13":{"start":{"line":46,"column":12},"end":{"line":46,"column":65}},"14":{"start":{"line":48,"column":12},"end":{"line":48,"column":35}},"15":{"start":{"line":49,"column":12},"end":{"line":49,"column":49}},"16":{"start":{"line":50,"column":12},"end":{"line":50,"column":43}}},"branchMap":{"1":{"line":25,"type":"binary-expr","locations":[{"start":{"line":25,"column":23},"end":{"line":25,"column":62}},{"start":{"line":26,"column":20},"end":{"line":26,"column":70}},{"start":{"line":27,"column":20},"end":{"line":27,"column":71}},{"start":{"line":28,"column":20},"end":{"line":28,"column":29}}]},"2":{"line":30,"type":"binary-expr","locations":[{"start":{"line":30,"column":23},"end":{"line":30,"column":37}},{"start":{"line":31,"column":20},"end":{"line":31,"column":61}},{"start":{"line":32,"column":20},"end":{"line":32,"column":70}},{"start":{"line":33,"column":20},"end":{"line":33,"column":26}}]},"3":{"line":37,"type":"cond-expr","locations":[{"start":{"line":38,"column":14},"end":{"line":38,"column":20}},{"start":{"line":39,"column":14},"end":{"line":39,"column":20}}]},"4":{"line":41,"type":"binary-expr","locations":[{"start":{"line":41,"column":16},"end":{"line":41,"column":44}},{"start":{"line":41,"column":48},"end":{"line":41,"column":53}}]},"5":{"line":45,"type":"if","locations":[{"start":{"line":45,"column":8},"end":{"line":45,"column":8}},{"start":{"line":45,"column":8},"end":{"line":45,"column":8}}]}},"code":["/* istanbul instrument in package npmtest_path_to_regexp */","/*jslint","    bitwise: true,","    browser: true,","    maxerr: 8,","    maxlen: 96,","    node: true,","    nomen: true,","    regexp: true,","    stupid: true","*/","(function () {","    'use strict';","    var local;","","","","    // run shared js-env code - pre-init","    (function () {","        // init local","        local = {};","        // init modeJs","        local.modeJs = (function () {","            try {","                return typeof navigator.userAgent === 'string' &&","                    typeof document.querySelector('body') === 'object' &&","                    typeof XMLHttpRequest.prototype.open === 'function' &&","                    'browser';","            } catch (errorCaughtBrowser) {","                return module.exports &&","                    typeof process.versions.node === 'string' &&","                    typeof require('http').createServer === 'function' &&","                    'node';","            }","        }());","        // init global","        local.global = local.modeJs === 'browser'","            ? window","            : global;","        // init utility2_rollup","        local = local.global.utility2_rollup || local;","        // init lib","        local.local = local.npmtest_path_to_regexp = local;","        // init exports","        if (local.modeJs === 'browser') {","            local.global.utility2_npmtest_path_to_regexp = local;","        } else {","            module.exports = local;","            module.exports.__dirname = __dirname;","            module.exports.module = module;","        }","    }());","}());",""],"l":{"12":2,"14":2,"19":2,"21":2,"23":2,"24":2,"25":2,"30":1,"37":2,"41":2,"43":2,"45":2,"46":1,"48":1,"49":1,"50":1}},"/home/travis/build/npmtest/node-npmtest-path-to-regexp/example.js":{"path":"/home/travis/build/npmtest/node-npmtest-path-to-regexp/example.js","s":{"1":2,"2":2,"3":2,"4":2,"5":2,"6":2,"7":2,"8":1,"9":2,"10":2,"11":2,"12":2,"13":1,"14":2,"15":2,"16":2,"17":2,"18":2,"19":0,"20":2,"21":1,"22":1,"23":1,"24":1,"25":1,"26":0,"27":0,"28":1,"29":1,"30":2,"31":0,"32":0,"33":0,"34":1,"35":2,"36":2,"37":3,"38":3,"39":3,"40":3,"41":0,"42":3,"43":3,"44":3,"45":1,"46":3,"47":1,"48":1,"49":1,"50":1,"51":1,"52":1,"53":1,"54":1,"55":1,"56":1,"57":0,"58":1,"59":6,"60":6,"61":1,"62":2,"63":0,"64":2,"65":1,"66":1,"67":0,"68":0,"69":0,"70":0,"71":0,"72":0,"73":0,"74":0,"75":0,"76":0,"77":0,"78":0,"79":0,"80":0,"81":0,"82":0,"83":0},"b":{"1":[2,1,1,1],"2":[1,1,1,1],"3":[1,1],"4":[2,2],"5":[1,1],"6":[1,1],"7":[2,0],"8":[2,1,1,1,1,1],"9":[0,2,0],"10":[1,1],"11":[2,1,1],"12":[1,0],"13":[0,2],"14":[2,0,0,0,0,0,0],"15":[0,3],"16":[3,0],"17":[1,1],"18":[0,1],"19":[1,2,0,2],"20":[1,0],"21":[1,1],"22":[0,0],"23":[0,0],"24":[0,0],"25":[0,0],"26":[0,0],"27":[0,0],"28":[0,0]},"f":{"1":2,"2":2,"3":2,"4":2,"5":2,"6":2,"7":3,"8":3,"9":3,"10":1,"11":6,"12":0},"fnMap":{"1":{"name":"(anonymous_1)","line":26,"loc":{"start":{"line":26,"column":1},"end":{"line":26,"column":13}}},"2":{"name":"(anonymous_2)","line":33,"loc":{"start":{"line":33,"column":5},"end":{"line":33,"column":17}}},"3":{"name":"(anonymous_3)","line":37,"loc":{"start":{"line":37,"column":24},"end":{"line":37,"column":36}}},"4":{"name":"(anonymous_4)","line":69,"loc":{"start":{"line":69,"column":31},"end":{"line":69,"column":48}},"skip":true},"5":{"name":"(anonymous_5)","line":78,"loc":{"start":{"line":78,"column":26},"end":{"line":78,"column":45}},"skip":true},"6":{"name":"(anonymous_6)","line":123,"loc":{"start":{"line":123,"column":33},"end":{"line":123,"column":48}},"skip":true},"7":{"name":"(anonymous_7)","line":125,"loc":{"start":{"line":125,"column":27},"end":{"line":125,"column":39}},"skip":true},"8":{"name":"(anonymous_8)","line":133,"loc":{"start":{"line":133,"column":59},"end":{"line":133,"column":74}},"skip":true},"9":{"name":"(anonymous_9)","line":143,"loc":{"start":{"line":143,"column":45},"end":{"line":143,"column":62}},"skip":true},"10":{"name":"(anonymous_10)","line":144,"loc":{"start":{"line":144,"column":73},"end":{"line":144,"column":92}},"skip":true},"11":{"name":"(anonymous_11)","line":272,"loc":{"start":{"line":272,"column":51},"end":{"line":272,"column":77}},"skip":true},"12":{"name":"(anonymous_12)","line":315,"loc":{"start":{"line":315,"column":32},"end":{"line":315,"column":61}},"skip":true}},"statementMap":{"1":{"start":{"line":26,"column":0},"end":{"line":326,"column":5}},"2":{"start":{"line":28,"column":4},"end":{"line":28,"column":14}},"3":{"start":{"line":33,"column":4},"end":{"line":60,"column":9}},"4":{"start":{"line":35,"column":8},"end":{"line":35,"column":19}},"5":{"start":{"line":37,"column":8},"end":{"line":49,"column":13}},"6":{"start":{"line":38,"column":12},"end":{"line":48,"column":13}},"7":{"start":{"line":39,"column":16},"end":{"line":42,"column":30}},"8":{"start":{"line":44,"column":16},"end":{"line":47,"column":27}},"9":{"start":{"line":51,"column":8},"end":{"line":53,"column":21}},"10":{"start":{"line":55,"column":8},"end":{"line":57,"column":45}},"11":{"start":{"line":59,"column":8},"end":{"line":59,"column":35}},"12":{"start":{"line":61,"column":4},"end":{"line":325,"column":5}},"13":{"start":{"line":69,"column":8},"end":{"line":121,"column":10},"skip":true},"14":{"start":{"line":70,"column":12},"end":{"line":88,"column":13},"skip":true},"15":{"start":{"line":76,"column":16},"end":{"line":87,"column":19},"skip":true},"16":{"start":{"line":79,"column":20},"end":{"line":86,"column":21},"skip":true},"17":{"start":{"line":82,"column":24},"end":{"line":82,"column":43},"skip":true},"18":{"start":{"line":83,"column":24},"end":{"line":83,"column":30},"skip":true},"19":{"start":{"line":85,"column":24},"end":{"line":85,"column":49},"skip":true},"20":{"start":{"line":89,"column":12},"end":{"line":107,"column":13},"skip":true},"21":{"start":{"line":92,"column":16},"end":{"line":102,"column":17},"skip":true},"22":{"start":{"line":93,"column":20},"end":{"line":93,"column":86},"skip":true},"23":{"start":{"line":94,"column":20},"end":{"line":95,"column":45},"skip":true},"24":{"start":{"line":96,"column":20},"end":{"line":96,"column":42},"skip":true},"25":{"start":{"line":97,"column":20},"end":{"line":97,"column":48},"skip":true},"26":{"start":{"line":100,"column":20},"end":{"line":100,"column":85},"skip":true},"27":{"start":{"line":101,"column":20},"end":{"line":101,"column":96},"skip":true},"28":{"start":{"line":103,"column":16},"end":{"line":103,"column":22},"skip":true},"29":{"start":{"line":106,"column":16},"end":{"line":106,"column":22},"skip":true},"30":{"start":{"line":108,"column":12},"end":{"line":120,"column":13},"skip":true},"31":{"start":{"line":114,"column":16},"end":{"line":119,"column":17},"skip":true},"32":{"start":{"line":116,"column":20},"end":{"line":116,"column":78},"skip":true},"33":{"start":{"line":118,"column":20},"end":{"line":118,"column":47},"skip":true},"34":{"start":{"line":123,"column":8},"end":{"line":141,"column":11},"skip":true},"35":{"start":{"line":124,"column":12},"end":{"line":124,"column":54},"skip":true},"36":{"start":{"line":125,"column":12},"end":{"line":140,"column":14},"skip":true},"37":{"start":{"line":126,"column":16},"end":{"line":126,"column":28},"skip":true},"38":{"start":{"line":127,"column":16},"end":{"line":127,"column":69},"skip":true},"39":{"start":{"line":128,"column":16},"end":{"line":128,"column":75},"skip":true},"40":{"start":{"line":129,"column":16},"end":{"line":131,"column":17},"skip":true},"41":{"start":{"line":130,"column":20},"end":{"line":130,"column":27},"skip":true},"42":{"start":{"line":133,"column":16},"end":{"line":137,"column":36},"skip":true},"43":{"start":{"line":134,"column":20},"end":{"line":136,"column":55},"skip":true},"44":{"start":{"line":139,"column":16},"end":{"line":139,"column":57},"skip":true},"45":{"start":{"line":143,"column":8},"end":{"line":147,"column":11},"skip":true},"46":{"start":{"line":144,"column":12},"end":{"line":146,"column":15},"skip":true},"47":{"start":{"line":145,"column":16},"end":{"line":145,"column":70},"skip":true},"48":{"start":{"line":149,"column":8},"end":{"line":149,"column":31},"skip":true},"49":{"start":{"line":150,"column":8},"end":{"line":150,"column":14},"skip":true},"50":{"start":{"line":158,"column":8},"end":{"line":158,"column":31},"skip":true},"51":{"start":{"line":160,"column":8},"end":{"line":160,"column":33},"skip":true},"52":{"start":{"line":161,"column":8},"end":{"line":161,"column":37},"skip":true},"53":{"start":{"line":162,"column":8},"end":{"line":162,"column":35},"skip":true},"54":{"start":{"line":164,"column":8},"end":{"line":164,"column":50},"skip":true},"55":{"start":{"line":166,"column":8},"end":{"line":256,"column":2},"skip":true},"56":{"start":{"line":258,"column":8},"end":{"line":286,"column":9},"skip":true},"57":{"start":{"line":259,"column":12},"end":{"line":269,"column":14},"skip":true},"58":{"start":{"line":271,"column":12},"end":{"line":285,"column":19},"skip":true},"59":{"start":{"line":274,"column":20},"end":{"line":274,"column":35},"skip":true},"60":{"start":{"line":275,"column":20},"end":{"line":284,"column":21},"skip":true},"61":{"start":{"line":277,"column":24},"end":{"line":277,"column":64},"skip":true},"62":{"start":{"line":279,"column":24},"end":{"line":279,"column":40},"skip":true},"63":{"start":{"line":281,"column":24},"end":{"line":281,"column":40},"skip":true},"64":{"start":{"line":283,"column":24},"end":{"line":283,"column":39},"skip":true},"65":{"start":{"line":288,"column":8},"end":{"line":290,"column":9},"skip":true},"66":{"start":{"line":289,"column":12},"end":{"line":289,"column":18},"skip":true},"67":{"start":{"line":291,"column":8},"end":{"line":293,"column":54},"skip":true},"68":{"start":{"line":296,"column":8},"end":{"line":301,"column":37},"skip":true},"69":{"start":{"line":303,"column":8},"end":{"line":303,"column":82},"skip":true},"70":{"start":{"line":306,"column":8},"end":{"line":308,"column":9},"skip":true},"71":{"start":{"line":307,"column":12},"end":{"line":307,"column":82},"skip":true},"72":{"start":{"line":310,"column":8},"end":{"line":312,"column":9},"skip":true},"73":{"start":{"line":311,"column":12},"end":{"line":311,"column":18},"skip":true},"74":{"start":{"line":313,"column":8},"end":{"line":313,"column":54},"skip":true},"75":{"start":{"line":314,"column":8},"end":{"line":314,"column":69},"skip":true},"76":{"start":{"line":315,"column":8},"end":{"line":323,"column":36},"skip":true},"77":{"start":{"line":316,"column":12},"end":{"line":316,"column":61},"skip":true},"78":{"start":{"line":317,"column":12},"end":{"line":320,"column":13},"skip":true},"79":{"start":{"line":318,"column":16},"end":{"line":318,"column":75},"skip":true},"80":{"start":{"line":319,"column":16},"end":{"line":319,"column":23},"skip":true},"81":{"start":{"line":321,"column":12},"end":{"line":321,"column":38},"skip":true},"82":{"start":{"line":322,"column":12},"end":{"line":322,"column":27},"skip":true},"83":{"start":{"line":324,"column":8},"end":{"line":324,"column":14},"skip":true}},"branchMap":{"1":{"line":39,"type":"binary-expr","locations":[{"start":{"line":39,"column":23},"end":{"line":39,"column":62}},{"start":{"line":40,"column":20},"end":{"line":40,"column":70}},{"start":{"line":41,"column":20},"end":{"line":41,"column":71}},{"start":{"line":42,"column":20},"end":{"line":42,"column":29}}]},"2":{"line":44,"type":"binary-expr","locations":[{"start":{"line":44,"column":23},"end":{"line":44,"column":37}},{"start":{"line":45,"column":20},"end":{"line":45,"column":61}},{"start":{"line":46,"column":20},"end":{"line":46,"column":70}},{"start":{"line":47,"column":20},"end":{"line":47,"column":26}}]},"3":{"line":51,"type":"cond-expr","locations":[{"start":{"line":52,"column":14},"end":{"line":52,"column":20}},{"start":{"line":53,"column":14},"end":{"line":53,"column":20}}]},"4":{"line":55,"type":"binary-expr","locations":[{"start":{"line":55,"column":16},"end":{"line":55,"column":44}},{"start":{"line":55,"column":49},"end":{"line":57,"column":43}}]},"5":{"line":55,"type":"cond-expr","locations":[{"start":{"line":56,"column":14},"end":{"line":56,"column":58}},{"start":{"line":57,"column":14},"end":{"line":57,"column":43}}]},"6":{"line":61,"type":"switch","locations":[{"start":{"line":68,"column":4},"end":{"line":150,"column":14},"skip":true},{"start":{"line":156,"column":4},"end":{"line":324,"column":14},"skip":true}]},"7":{"line":70,"type":"if","locations":[{"start":{"line":70,"column":12},"end":{"line":70,"column":12},"skip":true},{"start":{"line":70,"column":12},"end":{"line":70,"column":12},"skip":true}]},"8":{"line":70,"type":"binary-expr","locations":[{"start":{"line":70,"column":16},"end":{"line":70,"column":22},"skip":true},{"start":{"line":70,"column":27},"end":{"line":70,"column":32},"skip":true},{"start":{"line":71,"column":20},"end":{"line":71,"column":39},"skip":true},{"start":{"line":72,"column":20},"end":{"line":72,"column":49},"skip":true},{"start":{"line":73,"column":20},"end":{"line":73,"column":58},"skip":true},{"start":{"line":74,"column":20},"end":{"line":74,"column":69},"skip":true}]},"9":{"line":79,"type":"switch","locations":[{"start":{"line":80,"column":20},"end":{"line":80,"column":33},"skip":true},{"start":{"line":81,"column":20},"end":{"line":83,"column":30},"skip":true},{"start":{"line":84,"column":20},"end":{"line":85,"column":49},"skip":true}]},"10":{"line":89,"type":"switch","locations":[{"start":{"line":90,"column":12},"end":{"line":103,"column":22},"skip":true},{"start":{"line":105,"column":12},"end":{"line":106,"column":22},"skip":true}]},"11":{"line":89,"type":"binary-expr","locations":[{"start":{"line":89,"column":20},"end":{"line":89,"column":25},"skip":true},{"start":{"line":89,"column":29},"end":{"line":89,"column":48},"skip":true},{"start":{"line":89,"column":52},"end":{"line":89,"column":74},"skip":true}]},"12":{"line":92,"type":"if","locations":[{"start":{"line":92,"column":16},"end":{"line":92,"column":16},"skip":true},{"start":{"line":92,"column":16},"end":{"line":92,"column":16},"skip":true}]},"13":{"line":108,"type":"if","locations":[{"start":{"line":108,"column":12},"end":{"line":108,"column":12},"skip":true},{"start":{"line":108,"column":12},"end":{"line":108,"column":12},"skip":true}]},"14":{"line":108,"type":"binary-expr","locations":[{"start":{"line":108,"column":16},"end":{"line":108,"column":61},"skip":true},{"start":{"line":108,"column":66},"end":{"line":108,"column":72},"skip":true},{"start":{"line":108,"column":77},"end":{"line":108,"column":82},"skip":true},{"start":{"line":109,"column":20},"end":{"line":109,"column":39},"skip":true},{"start":{"line":110,"column":20},"end":{"line":110,"column":49},"skip":true},{"start":{"line":111,"column":20},"end":{"line":111,"column":58},"skip":true},{"start":{"line":112,"column":20},"end":{"line":112,"column":68},"skip":true}]},"15":{"line":129,"type":"if","locations":[{"start":{"line":129,"column":16},"end":{"line":129,"column":16},"skip":true},{"start":{"line":129,"column":16},"end":{"line":129,"column":16},"skip":true}]},"16":{"line":134,"type":"cond-expr","locations":[{"start":{"line":135,"column":26},"end":{"line":135,"column":29},"skip":true},{"start":{"line":136,"column":26},"end":{"line":136,"column":54},"skip":true}]},"17":{"line":164,"type":"binary-expr","locations":[{"start":{"line":164,"column":27},"end":{"line":164,"column":43},"skip":true},{"start":{"line":164,"column":47},"end":{"line":164,"column":49},"skip":true}]},"18":{"line":258,"type":"if","locations":[{"start":{"line":258,"column":8},"end":{"line":258,"column":8},"skip":true},{"start":{"line":258,"column":8},"end":{"line":258,"column":8},"skip":true}]},"19":{"line":275,"type":"switch","locations":[{"start":{"line":276,"column":20},"end":{"line":277,"column":64},"skip":true},{"start":{"line":278,"column":20},"end":{"line":279,"column":40},"skip":true},{"start":{"line":280,"column":20},"end":{"line":281,"column":40},"skip":true},{"start":{"line":282,"column":20},"end":{"line":283,"column":39},"skip":true}]},"20":{"line":288,"type":"if","locations":[{"start":{"line":288,"column":8},"end":{"line":288,"column":8},"skip":true},{"start":{"line":288,"column":8},"end":{"line":288,"column":8},"skip":true}]},"21":{"line":288,"type":"binary-expr","locations":[{"start":{"line":288,"column":12},"end":{"line":288,"column":40},"skip":true},{"start":{"line":288,"column":44},"end":{"line":288,"column":67},"skip":true}]},"22":{"line":292,"type":"binary-expr","locations":[{"start":{"line":292,"column":12},"end":{"line":292,"column":50},"skip":true},{"start":{"line":293,"column":12},"end":{"line":293,"column":53},"skip":true}]},"23":{"line":297,"type":"binary-expr","locations":[{"start":{"line":297,"column":12},"end":{"line":297,"column":72},"skip":true},{"start":{"line":298,"column":12},"end":{"line":301,"column":36},"skip":true}]},"24":{"line":303,"type":"binary-expr","locations":[{"start":{"line":303,"column":43},"end":{"line":303,"column":75},"skip":true},{"start":{"line":303,"column":79},"end":{"line":303,"column":81},"skip":true}]},"25":{"line":306,"type":"if","locations":[{"start":{"line":306,"column":8},"end":{"line":306,"column":8},"skip":true},{"start":{"line":306,"column":8},"end":{"line":306,"column":8},"skip":true}]},"26":{"line":310,"type":"if","locations":[{"start":{"line":310,"column":8},"end":{"line":310,"column":8},"skip":true},{"start":{"line":310,"column":8},"end":{"line":310,"column":8},"skip":true}]},"27":{"line":313,"type":"binary-expr","locations":[{"start":{"line":313,"column":27},"end":{"line":313,"column":43},"skip":true},{"start":{"line":313,"column":47},"end":{"line":313,"column":53},"skip":true}]},"28":{"line":317,"type":"if","locations":[{"start":{"line":317,"column":12},"end":{"line":317,"column":12},"skip":true},{"start":{"line":317,"column":12},"end":{"line":317,"column":12},"skip":true}]}},"code":["/*","example.js","","quickstart example","","instruction","    1. save this script as example.js","    2. run the shell command:","        $ npm install npmtest-path-to-regexp && PORT=8081 node example.js","    3. play with the browser-demo on http://127.0.0.1:8081","*/","","","","/* istanbul instrument in package npmtest_path_to_regexp */","/*jslint","    bitwise: true,","    browser: true,","    maxerr: 8,","    maxlen: 96,","    node: true,","    nomen: true,","    regexp: true,","    stupid: true","*/","(function () {","    'use strict';","    var local;","","","","    // run shared js-env code - pre-init","    (function () {","        // init local","        local = {};","        // init modeJs","        local.modeJs = (function () {","            try {","                return typeof navigator.userAgent === 'string' &&","                    typeof document.querySelector('body') === 'object' &&","                    typeof XMLHttpRequest.prototype.open === 'function' &&","                    'browser';","            } catch (errorCaughtBrowser) {","                return module.exports &&","                    typeof process.versions.node === 'string' &&","                    typeof require('http').createServer === 'function' &&","                    'node';","            }","        }());","        // init global","        local.global = local.modeJs === 'browser'","            ? window","            : global;","        // init utility2_rollup","        local = local.global.utility2_rollup || (local.modeJs === 'browser'","            ? local.global.utility2_npmtest_path_to_regexp","            : global.utility2_moduleExports);","        // export local","        local.global.local = local;","    }());","    switch (local.modeJs) {","","","","    // post-init","    // run browser js-env code - post-init","    /* istanbul ignore next */","    case 'browser':","        local.testRunBrowser = function (event) {","            if (!event || (event &&","                    event.currentTarget &&","                    event.currentTarget.className &&","                    event.currentTarget.className.includes &&","                    event.currentTarget.className.includes('onreset'))) {","                // reset output","                Array.from(","                    document.querySelectorAll('body > .resettable')","                ).forEach(function (element) {","                    switch (element.tagName) {","                    case 'INPUT':","                    case 'TEXTAREA':","                        element.value = '';","                        break;","                    default:","                        element.textContent = '';","                    }","                });","            }","            switch (event && event.currentTarget && event.currentTarget.id) {","            case 'testRunButton1':","                // show tests","                if (document.querySelector('#testReportDiv1').style.display === 'none') {","                    document.querySelector('#testReportDiv1').style.display = 'block';","                    document.querySelector('#testRunButton1').textContent =","                        'hide internal test';","                    local.modeTest = true;","                    local.testRunDefault(local);","                // hide tests","                } else {","                    document.querySelector('#testReportDiv1').style.display = 'none';","                    document.querySelector('#testRunButton1').textContent = 'run internal test';","                }","                break;","            // custom-case","            default:","                break;","            }","            if (document.querySelector('#inputTextareaEval1') && (!event || (event &&","                    event.currentTarget &&","                    event.currentTarget.className &&","                    event.currentTarget.className.includes &&","                    event.currentTarget.className.includes('oneval')))) {","                // try to eval input-code","                try {","                    /*jslint evil: true*/","                    eval(document.querySelector('#inputTextareaEval1').value);","                } catch (errorCaught) {","                    console.error(errorCaught);","                }","            }","        };","        // log stderr and stdout to #outputTextareaStdout1","        ['error', 'log'].forEach(function (key) {","            console[key + '_original'] = console[key];","            console[key] = function () {","                var element;","                console[key + '_original'].apply(console, arguments);","                element = document.querySelector('#outputTextareaStdout1');","                if (!element) {","                    return;","                }","                // append text to #outputTextareaStdout1","                element.value += Array.from(arguments).map(function (arg) {","                    return typeof arg === 'string'","                        ? arg","                        : JSON.stringify(arg, null, 4);","                }).join(' ') + '\\n';","                // scroll textarea to bottom","                element.scrollTop = element.scrollHeight;","            };","        });","        // init event-handling","        ['change', 'click', 'keyup'].forEach(function (event) {","            Array.from(document.querySelectorAll('.on' + event)).forEach(function (element) {","                element.addEventListener(event, local.testRunBrowser);","            });","        });","        // run tests","        local.testRunBrowser();","        break;","","","","    // run node js-env code - post-init","    /* istanbul ignore next */","    case 'node':","        // export local","        module.exports = local;","        // require modules","        local.fs = require('fs');","        local.http = require('http');","        local.url = require('url');","        // init assets","        local.assetsDict = local.assetsDict || {};","        /* jslint-ignore-begin */","        local.assetsDict['/assets.index.template.html'] = '\\","<!doctype html>\\n\\","<html lang=\"en\">\\n\\","<head>\\n\\","<meta charset=\"UTF-8\">\\n\\","<meta name=\"viewport\" content=\"width=device-width, initial-scale=1\">\\n\\","<title>{{env.npm_package_name}} (v{{env.npm_package_version}})</title>\\n\\","<style>\\n\\","/*csslint\\n\\","    box-sizing: false,\\n\\","    universal-selector: false\\n\\","*/\\n\\","* {\\n\\","    box-sizing: border-box;\\n\\","}\\n\\","body {\\n\\","    background: #dde;\\n\\","    font-family: Arial, Helvetica, sans-serif;\\n\\","    margin: 2rem;\\n\\","}\\n\\","body > * {\\n\\","    margin-bottom: 1rem;\\n\\","}\\n\\",".utility2FooterDiv {\\n\\","    margin-top: 20px;\\n\\","    text-align: center;\\n\\","}\\n\\","</style>\\n\\","<style>\\n\\","/*csslint\\n\\","*/\\n\\","textarea {\\n\\","    font-family: monospace;\\n\\","    height: 10rem;\\n\\","    width: 100%;\\n\\","}\\n\\","textarea[readonly] {\\n\\","    background: #ddd;\\n\\","}\\n\\","</style>\\n\\","</head>\\n\\","<body>\\n\\","<!-- utility2-comment\\n\\","<div id=\"ajaxProgressDiv1\" style=\"background: #d00; height: 2px; left: 0; margin: 0; padding: 0; position: fixed; top: 0; transition: background 0.5s, width 1.5s; width: 25%;\"></div>\\n\\","utility2-comment -->\\n\\","<h1>\\n\\","<!-- utility2-comment\\n\\","    <a\\n\\","        {{#if env.npm_package_homepage}}\\n\\","        href=\"{{env.npm_package_homepage}}\"\\n\\","        {{/if env.npm_package_homepage}}\\n\\","        target=\"_blank\"\\n\\","    >\\n\\","utility2-comment -->\\n\\","        {{env.npm_package_name}} (v{{env.npm_package_version}})\\n\\","<!-- utility2-comment\\n\\","    </a>\\n\\","utility2-comment -->\\n\\","</h1>\\n\\","<h3>{{env.npm_package_description}}</h3>\\n\\","<!-- utility2-comment\\n\\","<h4><a download href=\"assets.app.js\">download standalone app</a></h4>\\n\\","<button class=\"onclick onreset\" id=\"testRunButton1\">run internal test</button><br>\\n\\","<div id=\"testReportDiv1\" style=\"display: none;\"></div>\\n\\","utility2-comment -->\\n\\","\\n\\","\\n\\","\\n\\","<label>stderr and stdout</label>\\n\\","<textarea class=\"resettable\" id=\"outputTextareaStdout1\" readonly></textarea>\\n\\","<!-- utility2-comment\\n\\","{{#if isRollup}}\\n\\","<script src=\"assets.app.js\"></script>\\n\\","{{#unless isRollup}}\\n\\","utility2-comment -->\\n\\","<script src=\"assets.utility2.rollup.js\"></script>\\n\\","<script src=\"jsonp.utility2._stateInit?callback=window.utility2._stateInit\"></script>\\n\\","<script src=\"assets.npmtest_path_to_regexp.rollup.js\"></script>\\n\\","<script src=\"assets.example.js\"></script>\\n\\","<script src=\"assets.test.js\"></script>\\n\\","<!-- utility2-comment\\n\\","{{/if isRollup}}\\n\\","utility2-comment -->\\n\\","<div class=\"utility2FooterDiv\">\\n\\","    [ this app was created with\\n\\","    <a href=\"https://github.com/kaizhu256/node-utility2\" target=\"_blank\">utility2</a>\\n\\","    ]\\n\\","</div>\\n\\","</body>\\n\\","</html>\\n\\","';","        /* jslint-ignore-end */","        if (local.templateRender) {","            local.assetsDict['/'] = local.templateRender(","                local.assetsDict['/assets.index.template.html'],","                {","                    env: local.objectSetDefault(local.env, {","                        npm_package_description: 'the greatest app in the world!',","                        npm_package_name: 'my-app',","                        npm_package_nameAlias: 'my_app',","                        npm_package_version: '0.0.1'","                    })","                }","            );","        } else {","            local.assetsDict['/'] = local.assetsDict['/assets.index.template.html']","                .replace((/\\{\\{env\\.(\\w+?)\\}\\}/g), function (match0, match1) {","                    // jslint-hack","                    String(match0);","                    switch (match1) {","                    case 'npm_package_description':","                        return 'the greatest app in the world!';","                    case 'npm_package_name':","                        return 'my-app';","                    case 'npm_package_nameAlias':","                        return 'my_app';","                    case 'npm_package_version':","                        return '0.0.1';","                    }","                });","        }","        // run the cli","        if (local.global.utility2_rollup || module !== require.main) {","            break;","        }","        local.assetsDict['/assets.example.js'] =","            local.assetsDict['/assets.example.js'] ||","            local.fs.readFileSync(__filename, 'utf8');","        // bug-workaround - long $npm_package_buildCustomOrg","        /* jslint-ignore-begin */","        local.assetsDict['/assets.npmtest_path_to_regexp.rollup.js'] =","            local.assetsDict['/assets.npmtest_path_to_regexp.rollup.js'] ||","            local.fs.readFileSync(","                local.npmtest_path_to_regexp.__dirname + '/lib.npmtest_path_to_regexp.js',","                'utf8'","            ).replace((/^#!/), '//');","        /* jslint-ignore-end */","        local.assetsDict['/favicon.ico'] = local.assetsDict['/favicon.ico'] || '';","        // if $npm_config_timeout_exit exists,","        // then exit this process after $npm_config_timeout_exit ms","        if (Number(process.env.npm_config_timeout_exit)) {","            setTimeout(process.exit, Number(process.env.npm_config_timeout_exit));","        }","        // start server","        if (local.global.utility2_serverHttp1) {","            break;","        }","        process.env.PORT = process.env.PORT || '8081';","        console.error('server starting on port ' + process.env.PORT);","        local.http.createServer(function (request, response) {","            request.urlParsed = local.url.parse(request.url);","            if (local.assetsDict[request.urlParsed.pathname] !== undefined) {","                response.end(local.assetsDict[request.urlParsed.pathname]);","                return;","            }","            response.statusCode = 404;","            response.end();","        }).listen(process.env.PORT);","        break;","    }","}());",""],"l":{"26":2,"28":2,"33":2,"35":2,"37":2,"38":2,"39":2,"44":1,"51":2,"55":2,"59":2,"61":2,"69":1,"70":2,"76":2,"79":2,"82":2,"83":2,"85":1,"89":2,"92":1,"93":1,"94":1,"96":1,"97":1,"100":1,"101":1,"103":1,"106":1,"108":2,"114":1,"116":1,"118":1,"123":1,"124":2,"125":2,"126":3,"127":3,"128":3,"129":3,"130":1,"133":3,"134":3,"139":3,"143":1,"144":3,"145":1,"149":1,"150":1,"158":1,"160":1,"161":1,"162":1,"164":1,"166":1,"258":1,"259":1,"271":1,"274":6,"275":6,"277":1,"279":2,"281":1,"283":2,"288":1,"289":1,"291":1,"296":1,"303":1,"306":1,"307":1,"310":1,"311":1,"313":1,"314":1,"315":1,"316":1,"317":1,"318":1,"319":1,"321":1,"322":1,"324":1}},"/home/travis/build/npmtest/node-npmtest-path-to-regexp/node_modules/path-to-regexp/index.js":{"path":"/home/travis/build/npmtest/node-npmtest-path-to-regexp/node_modules/path-to-regexp/index.js","s":{"1":1,"2":1,"3":1,"4":1,"5":1,"6":1,"7":1,"8":1,"9":0,"10":0,"11":0,"12":0,"13":0,"14":0,"15":0,"16":0,"17":0,"18":0,"19":0,"20":0,"21":0,"22":0,"23":0,"24":0,"25":0,"26":0,"27":0,"28":0,"29":0,"30":0,"31":0,"32":0,"33":0,"34":0,"35":0,"36":0,"37":0,"38":0,"39":0,"40":0,"41":0,"42":0,"43":0,"44":0,"45":1,"46":0,"47":1,"48":0,"49":0,"50":1,"51":0,"52":0,"53":1,"54":0,"55":0,"56":0,"57":0,"58":0,"59":0,"60":0,"61":0,"62":0,"63":0,"64":0,"65":0,"66":0,"67":0,"68":0,"69":0,"70":0,"71":0,"72":0,"73":0,"74":0,"75":0,"76":0,"77":0,"78":0,"79":0,"80":0,"81":0,"82":0,"83":0,"84":0,"85":0,"86":0,"87":0,"88":0,"89":0,"90":0,"91":0,"92":0,"93":0,"94":1,"95":0,"96":1,"97":0,"98":1,"99":0,"100":0,"101":1,"102":0,"103":1,"104":0,"105":0,"106":0,"107":0,"108":0,"109":1,"110":0,"111":0,"112":0,"113":0,"114":0,"115":1,"116":0,"117":1,"118":0,"119":0,"120":0,"121":0,"122":0,"123":0,"124":0,"125":0,"126":0,"127":0,"128":0,"129":0,"130":0,"131":0,"132":0,"133":0,"134":0,"135":0,"136":0,"137":0,"138":0,"139":0,"140":0,"141":0,"142":0,"143":0,"144":0,"145":0,"146":0,"147":0,"148":1,"149":0,"150":0,"151":0,"152":0,"153":0,"154":0,"155":0,"156":0,"157":0},"b":{"1":[0,0,0],"2":[0,0],"3":[0,0],"4":[0,0,0],"5":[0,0],"6":[0,0],"7":[0,0],"8":[0,0],"9":[0,0],"10":[0,0],"11":[0,0],"12":[0,0],"13":[0,0],"14":[0,0],"15":[0,0],"16":[0,0],"17":[0,0],"18":[0,0],"19":[0,0],"20":[0,0],"21":[0,0],"22":[0,0],"23":[0,0],"24":[0,0],"25":[0,0],"26":[0,0],"27":[0,0],"28":[0,0],"29":[0,0],"30":[0,0],"31":[0,0],"32":[0,0],"33":[0,0],"34":[0,0],"35":[0,0],"36":[0,0],"37":[0,0],"38":[0,0],"39":[0,0],"40":[0,0],"41":[0,0],"42":[0,0],"43":[0,0],"44":[0,0],"45":[0,0],"46":[0,0],"47":[0,0],"48":[0,0],"49":[0,0],"50":[0,0]},"f":{"1":0,"2":0,"3":0,"4":0,"5":0,"6":0,"7":0,"8":0,"9":0,"10":0,"11":0,"12":0,"13":0,"14":0,"15":0,"16":0,"17":0},"fnMap":{"1":{"name":"parse","line":37,"loc":{"start":{"line":37,"column":0},"end":{"line":37,"column":30}}},"2":{"name":"compile","line":110,"loc":{"start":{"line":110,"column":0},"end":{"line":110,"column":32}}},"3":{"name":"encodeURIComponentPretty","line":120,"loc":{"start":{"line":120,"column":0},"end":{"line":120,"column":40}}},"4":{"name":"(anonymous_4)","line":121,"loc":{"start":{"line":121,"column":43},"end":{"line":121,"column":56}}},"5":{"name":"encodeAsterisk","line":132,"loc":{"start":{"line":132,"column":0},"end":{"line":132,"column":30}}},"6":{"name":"(anonymous_6)","line":133,"loc":{"start":{"line":133,"column":41},"end":{"line":133,"column":54}}},"7":{"name":"tokensToFunction","line":141,"loc":{"start":{"line":141,"column":0},"end":{"line":141,"column":35}}},"8":{"name":"(anonymous_8)","line":152,"loc":{"start":{"line":152,"column":9},"end":{"line":152,"column":30}}},"9":{"name":"escapeString","line":228,"loc":{"start":{"line":228,"column":0},"end":{"line":228,"column":28}}},"10":{"name":"escapeGroup","line":238,"loc":{"start":{"line":238,"column":0},"end":{"line":238,"column":29}}},"11":{"name":"attachKeys","line":249,"loc":{"start":{"line":249,"column":0},"end":{"line":249,"column":31}}},"12":{"name":"flags","line":260,"loc":{"start":{"line":260,"column":0},"end":{"line":260,"column":25}}},"13":{"name":"regexpToRegexp","line":271,"loc":{"start":{"line":271,"column":0},"end":{"line":271,"column":37}}},"14":{"name":"arrayToRegexp","line":301,"loc":{"start":{"line":301,"column":0},"end":{"line":301,"column":45}}},"15":{"name":"stringToRegexp","line":321,"loc":{"start":{"line":321,"column":0},"end":{"line":321,"column":46}}},"16":{"name":"tokensToRegExp","line":333,"loc":{"start":{"line":333,"column":0},"end":{"line":333,"column":48}}},"17":{"name":"pathToRegexp","line":409,"loc":{"start":{"line":409,"column":0},"end":{"line":409,"column":44}}}},"statementMap":{"1":{"start":{"line":1,"column":0},"end":{"line":1,"column":32}},"2":{"start":{"line":6,"column":0},"end":{"line":6,"column":29}},"3":{"start":{"line":7,"column":0},"end":{"line":7,"column":28}},"4":{"start":{"line":8,"column":0},"end":{"line":8,"column":32}},"5":{"start":{"line":9,"column":0},"end":{"line":9,"column":50}},"6":{"start":{"line":10,"column":0},"end":{"line":10,"column":46}},"7":{"start":{"line":17,"column":0},"end":{"line":28,"column":17}},"8":{"start":{"line":37,"column":0},"end":{"line":101,"column":1}},"9":{"start":{"line":38,"column":2},"end":{"line":38,"column":17}},"10":{"start":{"line":39,"column":2},"end":{"line":39,"column":13}},"11":{"start":{"line":40,"column":2},"end":{"line":40,"column":15}},"12":{"start":{"line":41,"column":2},"end":{"line":41,"column":15}},"13":{"start":{"line":42,"column":2},"end":{"line":42,"column":60}},"14":{"start":{"line":43,"column":2},"end":{"line":43,"column":9}},"15":{"start":{"line":45,"column":2},"end":{"line":88,"column":3}},"16":{"start":{"line":46,"column":4},"end":{"line":46,"column":18}},"17":{"start":{"line":47,"column":4},"end":{"line":47,"column":24}},"18":{"start":{"line":48,"column":4},"end":{"line":48,"column":26}},"19":{"start":{"line":49,"column":4},"end":{"line":49,"column":36}},"20":{"start":{"line":50,"column":4},"end":{"line":50,"column":29}},"21":{"start":{"line":53,"column":4},"end":{"line":56,"column":5}},"22":{"start":{"line":54,"column":6},"end":{"line":54,"column":24}},"23":{"start":{"line":55,"column":6},"end":{"line":55,"column":14}},"24":{"start":{"line":58,"column":4},"end":{"line":58,"column":25}},"25":{"start":{"line":59,"column":4},"end":{"line":59,"column":23}},"26":{"start":{"line":60,"column":4},"end":{"line":60,"column":21}},"27":{"start":{"line":61,"column":4},"end":{"line":61,"column":24}},"28":{"start":{"line":62,"column":4},"end":{"line":62,"column":22}},"29":{"start":{"line":63,"column":4},"end":{"line":63,"column":25}},"30":{"start":{"line":64,"column":4},"end":{"line":64,"column":25}},"31":{"start":{"line":67,"column":4},"end":{"line":70,"column":5}},"32":{"start":{"line":68,"column":6},"end":{"line":68,"column":23}},"33":{"start":{"line":69,"column":6},"end":{"line":69,"column":15}},"34":{"start":{"line":72,"column":4},"end":{"line":72,"column":67}},"35":{"start":{"line":73,"column":4},"end":{"line":73,"column":53}},"36":{"start":{"line":74,"column":4},"end":{"line":74,"column":55}},"37":{"start":{"line":75,"column":4},"end":{"line":75,"column":46}},"38":{"start":{"line":76,"column":4},"end":{"line":76,"column":34}},"39":{"start":{"line":78,"column":4},"end":{"line":87,"column":6}},"40":{"start":{"line":91,"column":2},"end":{"line":93,"column":3}},"41":{"start":{"line":92,"column":4},"end":{"line":92,"column":29}},"42":{"start":{"line":96,"column":2},"end":{"line":98,"column":3}},"43":{"start":{"line":97,"column":4},"end":{"line":97,"column":21}},"44":{"start":{"line":100,"column":2},"end":{"line":100,"column":15}},"45":{"start":{"line":110,"column":0},"end":{"line":112,"column":1}},"46":{"start":{"line":111,"column":2},"end":{"line":111,"column":46}},"47":{"start":{"line":120,"column":0},"end":{"line":124,"column":1}},"48":{"start":{"line":121,"column":2},"end":{"line":123,"column":4}},"49":{"start":{"line":122,"column":4},"end":{"line":122,"column":59}},"50":{"start":{"line":132,"column":0},"end":{"line":136,"column":1}},"51":{"start":{"line":133,"column":2},"end":{"line":135,"column":4}},"52":{"start":{"line":134,"column":4},"end":{"line":134,"column":59}},"53":{"start":{"line":141,"column":0},"end":{"line":220,"column":1}},"54":{"start":{"line":143,"column":2},"end":{"line":143,"column":40}},"55":{"start":{"line":146,"column":2},"end":{"line":150,"column":3}},"56":{"start":{"line":147,"column":4},"end":{"line":149,"column":5}},"57":{"start":{"line":148,"column":6},"end":{"line":148,"column":64}},"58":{"start":{"line":152,"column":2},"end":{"line":219,"column":3}},"59":{"start":{"line":153,"column":4},"end":{"line":153,"column":17}},"60":{"start":{"line":154,"column":4},"end":{"line":154,"column":24}},"61":{"start":{"line":155,"column":4},"end":{"line":155,"column":28}},"62":{"start":{"line":156,"column":4},"end":{"line":156,"column":79}},"63":{"start":{"line":158,"column":4},"end":{"line":216,"column":5}},"64":{"start":{"line":159,"column":6},"end":{"line":159,"column":27}},"65":{"start":{"line":161,"column":6},"end":{"line":165,"column":7}},"66":{"start":{"line":162,"column":8},"end":{"line":162,"column":21}},"67":{"start":{"line":164,"column":8},"end":{"line":164,"column":16}},"68":{"start":{"line":167,"column":6},"end":{"line":167,"column":34}},"69":{"start":{"line":168,"column":6},"end":{"line":168,"column":17}},"70":{"start":{"line":170,"column":6},"end":{"line":181,"column":7}},"71":{"start":{"line":171,"column":8},"end":{"line":180,"column":9}},"72":{"start":{"line":173,"column":10},"end":{"line":175,"column":11}},"73":{"start":{"line":174,"column":12},"end":{"line":174,"column":32}},"74":{"start":{"line":177,"column":10},"end":{"line":177,"column":18}},"75":{"start":{"line":179,"column":10},"end":{"line":179,"column":76}},"76":{"start":{"line":183,"column":6},"end":{"line":207,"column":7}},"77":{"start":{"line":184,"column":8},"end":{"line":186,"column":9}},"78":{"start":{"line":185,"column":10},"end":{"line":185,"column":122}},"79":{"start":{"line":188,"column":8},"end":{"line":194,"column":9}},"80":{"start":{"line":189,"column":10},"end":{"line":193,"column":11}},"81":{"start":{"line":190,"column":12},"end":{"line":190,"column":20}},"82":{"start":{"line":192,"column":12},"end":{"line":192,"column":80}},"83":{"start":{"line":196,"column":8},"end":{"line":204,"column":9}},"84":{"start":{"line":197,"column":10},"end":{"line":197,"column":36}},"85":{"start":{"line":199,"column":10},"end":{"line":201,"column":11}},"86":{"start":{"line":200,"column":12},"end":{"line":200,"column":149}},"87":{"start":{"line":203,"column":10},"end":{"line":203,"column":70}},"88":{"start":{"line":206,"column":8},"end":{"line":206,"column":16}},"89":{"start":{"line":209,"column":6},"end":{"line":209,"column":70}},"90":{"start":{"line":211,"column":6},"end":{"line":213,"column":7}},"91":{"start":{"line":212,"column":8},"end":{"line":212,"column":125}},"92":{"start":{"line":215,"column":6},"end":{"line":215,"column":36}},"93":{"start":{"line":218,"column":4},"end":{"line":218,"column":15}},"94":{"start":{"line":228,"column":0},"end":{"line":230,"column":1}},"95":{"start":{"line":229,"column":2},"end":{"line":229,"column":58}},"96":{"start":{"line":238,"column":0},"end":{"line":240,"column":1}},"97":{"start":{"line":239,"column":2},"end":{"line":239,"column":47}},"98":{"start":{"line":249,"column":0},"end":{"line":252,"column":1}},"99":{"start":{"line":250,"column":2},"end":{"line":250,"column":16}},"100":{"start":{"line":251,"column":2},"end":{"line":251,"column":11}},"101":{"start":{"line":260,"column":0},"end":{"line":262,"column":1}},"102":{"start":{"line":261,"column":2},"end":{"line":261,"column":37}},"103":{"start":{"line":271,"column":0},"end":{"line":291,"column":1}},"104":{"start":{"line":273,"column":2},"end":{"line":273,"column":45}},"105":{"start":{"line":275,"column":2},"end":{"line":288,"column":3}},"106":{"start":{"line":276,"column":4},"end":{"line":287,"column":5}},"107":{"start":{"line":277,"column":6},"end":{"line":286,"column":8}},"108":{"start":{"line":290,"column":2},"end":{"line":290,"column":31}},"109":{"start":{"line":301,"column":0},"end":{"line":311,"column":1}},"110":{"start":{"line":302,"column":2},"end":{"line":302,"column":16}},"111":{"start":{"line":304,"column":2},"end":{"line":306,"column":3}},"112":{"start":{"line":305,"column":4},"end":{"line":305,"column":59}},"113":{"start":{"line":308,"column":2},"end":{"line":308,"column":72}},"114":{"start":{"line":310,"column":2},"end":{"line":310,"column":33}},"115":{"start":{"line":321,"column":0},"end":{"line":323,"column":1}},"116":{"start":{"line":322,"column":2},"end":{"line":322,"column":60}},"117":{"start":{"line":333,"column":0},"end":{"line":395,"column":1}},"118":{"start":{"line":334,"column":2},"end":{"line":337,"column":3}},"119":{"start":{"line":335,"column":4},"end":{"line":335,"column":54}},"120":{"start":{"line":336,"column":4},"end":{"line":336,"column":13}},"121":{"start":{"line":339,"column":2},"end":{"line":339,"column":25}},"122":{"start":{"line":341,"column":2},"end":{"line":341,"column":29}},"123":{"start":{"line":342,"column":2},"end":{"line":342,"column":33}},"124":{"start":{"line":343,"column":2},"end":{"line":343,"column":16}},"125":{"start":{"line":346,"column":2},"end":{"line":373,"column":3}},"126":{"start":{"line":347,"column":4},"end":{"line":347,"column":25}},"127":{"start":{"line":349,"column":4},"end":{"line":372,"column":5}},"128":{"start":{"line":350,"column":6},"end":{"line":350,"column":34}},"129":{"start":{"line":352,"column":6},"end":{"line":352,"column":45}},"130":{"start":{"line":353,"column":6},"end":{"line":353,"column":47}},"131":{"start":{"line":355,"column":6},"end":{"line":355,"column":22}},"132":{"start":{"line":357,"column":6},"end":{"line":359,"column":7}},"133":{"start":{"line":358,"column":8},"end":{"line":358,"column":50}},"134":{"start":{"line":361,"column":6},"end":{"line":369,"column":7}},"135":{"start":{"line":362,"column":8},"end":{"line":366,"column":9}},"136":{"start":{"line":363,"column":10},"end":{"line":363,"column":58}},"137":{"start":{"line":365,"column":10},"end":{"line":365,"column":49}},"138":{"start":{"line":368,"column":8},"end":{"line":368,"column":46}},"139":{"start":{"line":371,"column":6},"end":{"line":371,"column":22}},"140":{"start":{"line":375,"column":2},"end":{"line":375,"column":56}},"141":{"start":{"line":376,"column":2},"end":{"line":376,"column":70}},"142":{"start":{"line":382,"column":2},"end":{"line":384,"column":3}},"143":{"start":{"line":383,"column":4},"end":{"line":383,"column":107}},"144":{"start":{"line":386,"column":2},"end":{"line":392,"column":3}},"145":{"start":{"line":387,"column":4},"end":{"line":387,"column":16}},"146":{"start":{"line":391,"column":4},"end":{"line":391,"column":73}},"147":{"start":{"line":394,"column":2},"end":{"line":394,"column":66}},"148":{"start":{"line":409,"column":0},"end":{"line":426,"column":1}},"149":{"start":{"line":410,"column":2},"end":{"line":413,"column":3}},"150":{"start":{"line":411,"column":4},"end":{"line":411,"column":54}},"151":{"start":{"line":412,"column":4},"end":{"line":412,"column":13}},"152":{"start":{"line":415,"column":2},"end":{"line":415,"column":25}},"153":{"start":{"line":417,"column":2},"end":{"line":419,"column":3}},"154":{"start":{"line":418,"column":4},"end":{"line":418,"column":61}},"155":{"start":{"line":421,"column":2},"end":{"line":423,"column":3}},"156":{"start":{"line":422,"column":4},"end":{"line":422,"column":93}},"157":{"start":{"line":425,"column":2},"end":{"line":425,"column":92}}},"branchMap":{"1":{"line":42,"type":"binary-expr","locations":[{"start":{"line":42,"column":25},"end":{"line":42,"column":32}},{"start":{"line":42,"column":36},"end":{"line":42,"column":53}},{"start":{"line":42,"column":57},"end":{"line":42,"column":60}}]},"2":{"line":53,"type":"if","locations":[{"start":{"line":53,"column":4},"end":{"line":53,"column":4}},{"start":{"line":53,"column":4},"end":{"line":53,"column":4}}]},"3":{"line":67,"type":"if","locations":[{"start":{"line":67,"column":4},"end":{"line":67,"column":4}},{"start":{"line":67,"column":4},"end":{"line":67,"column":4}}]},"4":{"line":72,"type":"binary-expr","locations":[{"start":{"line":72,"column":18},"end":{"line":72,"column":32}},{"start":{"line":72,"column":36},"end":{"line":72,"column":48}},{"start":{"line":72,"column":52},"end":{"line":72,"column":67}}]},"5":{"line":73,"type":"binary-expr","locations":[{"start":{"line":73,"column":17},"end":{"line":73,"column":33}},{"start":{"line":73,"column":37},"end":{"line":73,"column":53}}]},"6":{"line":74,"type":"binary-expr","locations":[{"start":{"line":74,"column":19},"end":{"line":74,"column":35}},{"start":{"line":74,"column":39},"end":{"line":74,"column":55}}]},"7":{"line":75,"type":"binary-expr","locations":[{"start":{"line":75,"column":20},"end":{"line":75,"column":26}},{"start":{"line":75,"column":30},"end":{"line":75,"column":46}}]},"8":{"line":76,"type":"binary-expr","locations":[{"start":{"line":76,"column":18},"end":{"line":76,"column":25}},{"start":{"line":76,"column":29},"end":{"line":76,"column":34}}]},"9":{"line":79,"type":"binary-expr","locations":[{"start":{"line":79,"column":12},"end":{"line":79,"column":16}},{"start":{"line":79,"column":20},"end":{"line":79,"column":25}}]},"10":{"line":80,"type":"binary-expr","locations":[{"start":{"line":80,"column":14},"end":{"line":80,"column":20}},{"start":{"line":80,"column":24},"end":{"line":80,"column":26}}]},"11":{"line":86,"type":"cond-expr","locations":[{"start":{"line":86,"column":25},"end":{"line":86,"column":45}},{"start":{"line":86,"column":49},"end":{"line":86,"column":105}}]},"12":{"line":86,"type":"cond-expr","locations":[{"start":{"line":86,"column":60},"end":{"line":86,"column":64}},{"start":{"line":86,"column":67},"end":{"line":86,"column":105}}]},"13":{"line":91,"type":"if","locations":[{"start":{"line":91,"column":2},"end":{"line":91,"column":2}},{"start":{"line":91,"column":2},"end":{"line":91,"column":2}}]},"14":{"line":96,"type":"if","locations":[{"start":{"line":96,"column":2},"end":{"line":96,"column":2}},{"start":{"line":96,"column":2},"end":{"line":96,"column":2}}]},"15":{"line":147,"type":"if","locations":[{"start":{"line":147,"column":4},"end":{"line":147,"column":4}},{"start":{"line":147,"column":4},"end":{"line":147,"column":4}}]},"16":{"line":154,"type":"binary-expr","locations":[{"start":{"line":154,"column":15},"end":{"line":154,"column":18}},{"start":{"line":154,"column":22},"end":{"line":154,"column":24}}]},"17":{"line":155,"type":"binary-expr","locations":[{"start":{"line":155,"column":18},"end":{"line":155,"column":22}},{"start":{"line":155,"column":26},"end":{"line":155,"column":28}}]},"18":{"line":156,"type":"cond-expr","locations":[{"start":{"line":156,"column":34},"end":{"line":156,"column":58}},{"start":{"line":156,"column":61},"end":{"line":156,"column":79}}]},"19":{"line":161,"type":"if","locations":[{"start":{"line":161,"column":6},"end":{"line":161,"column":6}},{"start":{"line":161,"column":6},"end":{"line":161,"column":6}}]},"20":{"line":170,"type":"if","locations":[{"start":{"line":170,"column":6},"end":{"line":170,"column":6}},{"start":{"line":170,"column":6},"end":{"line":170,"column":6}}]},"21":{"line":171,"type":"if","locations":[{"start":{"line":171,"column":8},"end":{"line":171,"column":8}},{"start":{"line":171,"column":8},"end":{"line":171,"column":8}}]},"22":{"line":173,"type":"if","locations":[{"start":{"line":173,"column":10},"end":{"line":173,"column":10}},{"start":{"line":173,"column":10},"end":{"line":173,"column":10}}]},"23":{"line":183,"type":"if","locations":[{"start":{"line":183,"column":6},"end":{"line":183,"column":6}},{"start":{"line":183,"column":6},"end":{"line":183,"column":6}}]},"24":{"line":184,"type":"if","locations":[{"start":{"line":184,"column":8},"end":{"line":184,"column":8}},{"start":{"line":184,"column":8},"end":{"line":184,"column":8}}]},"25":{"line":188,"type":"if","locations":[{"start":{"line":188,"column":8},"end":{"line":188,"column":8}},{"start":{"line":188,"column":8},"end":{"line":188,"column":8}}]},"26":{"line":189,"type":"if","locations":[{"start":{"line":189,"column":10},"end":{"line":189,"column":10}},{"start":{"line":189,"column":10},"end":{"line":189,"column":10}}]},"27":{"line":199,"type":"if","locations":[{"start":{"line":199,"column":10},"end":{"line":199,"column":10}},{"start":{"line":199,"column":10},"end":{"line":199,"column":10}}]},"28":{"line":203,"type":"cond-expr","locations":[{"start":{"line":203,"column":29},"end":{"line":203,"column":41}},{"start":{"line":203,"column":44},"end":{"line":203,"column":59}}]},"29":{"line":209,"type":"cond-expr","locations":[{"start":{"line":209,"column":33},"end":{"line":209,"column":54}},{"start":{"line":209,"column":57},"end":{"line":209,"column":70}}]},"30":{"line":211,"type":"if","locations":[{"start":{"line":211,"column":6},"end":{"line":211,"column":6}},{"start":{"line":211,"column":6},"end":{"line":211,"column":6}}]},"31":{"line":261,"type":"cond-expr","locations":[{"start":{"line":261,"column":29},"end":{"line":261,"column":31}},{"start":{"line":261,"column":34},"end":{"line":261,"column":37}}]},"32":{"line":275,"type":"if","locations":[{"start":{"line":275,"column":2},"end":{"line":275,"column":2}},{"start":{"line":275,"column":2},"end":{"line":275,"column":2}}]},"33":{"line":334,"type":"if","locations":[{"start":{"line":334,"column":2},"end":{"line":334,"column":2}},{"start":{"line":334,"column":2},"end":{"line":334,"column":2}}]},"34":{"line":335,"type":"binary-expr","locations":[{"start":{"line":335,"column":38},"end":{"line":335,"column":42}},{"start":{"line":335,"column":46},"end":{"line":335,"column":53}}]},"35":{"line":339,"type":"binary-expr","locations":[{"start":{"line":339,"column":12},"end":{"line":339,"column":19}},{"start":{"line":339,"column":23},"end":{"line":339,"column":25}}]},"36":{"line":349,"type":"if","locations":[{"start":{"line":349,"column":4},"end":{"line":349,"column":4}},{"start":{"line":349,"column":4},"end":{"line":349,"column":4}}]},"37":{"line":357,"type":"if","locations":[{"start":{"line":357,"column":6},"end":{"line":357,"column":6}},{"start":{"line":357,"column":6},"end":{"line":357,"column":6}}]},"38":{"line":361,"type":"if","locations":[{"start":{"line":361,"column":6},"end":{"line":361,"column":6}},{"start":{"line":361,"column":6},"end":{"line":361,"column":6}}]},"39":{"line":362,"type":"if","locations":[{"start":{"line":362,"column":8},"end":{"line":362,"column":8}},{"start":{"line":362,"column":8},"end":{"line":362,"column":8}}]},"40":{"line":375,"type":"binary-expr","locations":[{"start":{"line":375,"column":31},"end":{"line":375,"column":48}},{"start":{"line":375,"column":52},"end":{"line":375,"column":55}}]},"41":{"line":382,"type":"if","locations":[{"start":{"line":382,"column":2},"end":{"line":382,"column":2}},{"start":{"line":382,"column":2},"end":{"line":382,"column":2}}]},"42":{"line":383,"type":"cond-expr","locations":[{"start":{"line":383,"column":33},"end":{"line":383,"column":66}},{"start":{"line":383,"column":69},"end":{"line":383,"column":74}}]},"43":{"line":386,"type":"if","locations":[{"start":{"line":386,"column":2},"end":{"line":386,"column":2}},{"start":{"line":386,"column":2},"end":{"line":386,"column":2}}]},"44":{"line":391,"type":"cond-expr","locations":[{"start":{"line":391,"column":43},"end":{"line":391,"column":45}},{"start":{"line":391,"column":48},"end":{"line":391,"column":73}}]},"45":{"line":391,"type":"binary-expr","locations":[{"start":{"line":391,"column":13},"end":{"line":391,"column":19}},{"start":{"line":391,"column":23},"end":{"line":391,"column":40}}]},"46":{"line":410,"type":"if","locations":[{"start":{"line":410,"column":2},"end":{"line":410,"column":2}},{"start":{"line":410,"column":2},"end":{"line":410,"column":2}}]},"47":{"line":411,"type":"binary-expr","locations":[{"start":{"line":411,"column":38},"end":{"line":411,"column":42}},{"start":{"line":411,"column":46},"end":{"line":411,"column":53}}]},"48":{"line":415,"type":"binary-expr","locations":[{"start":{"line":415,"column":12},"end":{"line":415,"column":19}},{"start":{"line":415,"column":23},"end":{"line":415,"column":25}}]},"49":{"line":417,"type":"if","locations":[{"start":{"line":417,"column":2},"end":{"line":417,"column":2}},{"start":{"line":417,"column":2},"end":{"line":417,"column":2}}]},"50":{"line":421,"type":"if","locations":[{"start":{"line":421,"column":2},"end":{"line":421,"column":2}},{"start":{"line":421,"column":2},"end":{"line":421,"column":2}}]}},"code":["var isarray = require('isarray')","","/**"," * Expose `pathToRegexp`."," */","module.exports = pathToRegexp","module.exports.parse = parse","module.exports.compile = compile","module.exports.tokensToFunction = tokensToFunction","module.exports.tokensToRegExp = tokensToRegExp","","/**"," * The main path matching regexp utility."," *"," * @type {RegExp}"," */","var PATH_REGEXP = new RegExp([","  // Match escaped characters that would otherwise appear in future matches.","  // This allows the user to escape special characters that won't transform.","  '(\\\\\\\\.)',","  // Match Express-style parameters and un-named parameters with a prefix","  // and optional suffixes. Matches appear as:","  //","  // \"/:test(\\\\d+)?\" => [\"/\", \"test\", \"\\d+\", undefined, \"?\", undefined]","  // \"/route(\\\\d+)\"  => [undefined, undefined, undefined, \"\\d+\", undefined, undefined]","  // \"/*\"            => [\"/\", undefined, undefined, undefined, undefined, \"*\"]","  '([\\\\/.])?(?:(?:\\\\:(\\\\w+)(?:\\\\(((?:\\\\\\\\.|[^\\\\\\\\()])+)\\\\))?|\\\\(((?:\\\\\\\\.|[^\\\\\\\\()])+)\\\\))([+*?])?|(\\\\*))'","].join('|'), 'g')","","/**"," * Parse a string for the raw tokens."," *"," * @param  {string}  str"," * @param  {Object=} options"," * @return {!Array}"," */","function parse (str, options) {","  var tokens = []","  var key = 0","  var index = 0","  var path = ''","  var defaultDelimiter = options && options.delimiter || '/'","  var res","","  while ((res = PATH_REGEXP.exec(str)) != null) {","    var m = res[0]","    var escaped = res[1]","    var offset = res.index","    path += str.slice(index, offset)","    index = offset + m.length","","    // Ignore already escaped sequences.","    if (escaped) {","      path += escaped[1]","      continue","    }","","    var next = str[index]","    var prefix = res[2]","    var name = res[3]","    var capture = res[4]","    var group = res[5]","    var modifier = res[6]","    var asterisk = res[7]","","    // Push the current path onto the tokens.","    if (path) {","      tokens.push(path)","      path = ''","    }","","    var partial = prefix != null && next != null && next !== prefix","    var repeat = modifier === '+' || modifier === '*'","    var optional = modifier === '?' || modifier === '*'","    var delimiter = res[2] || defaultDelimiter","    var pattern = capture || group","","    tokens.push({","      name: name || key++,","      prefix: prefix || '',","      delimiter: delimiter,","      optional: optional,","      repeat: repeat,","      partial: partial,","      asterisk: !!asterisk,","      pattern: pattern ? escapeGroup(pattern) : (asterisk ? '.*' : '[^' + escapeString(delimiter) + ']+?')","    })","  }","","  // Match any characters still remaining.","  if (index < str.length) {","    path += str.substr(index)","  }","","  // If the path exists, push it onto the end.","  if (path) {","    tokens.push(path)","  }","","  return tokens","}","","/**"," * Compile a string to a template function for the path."," *"," * @param  {string}             str"," * @param  {Object=}            options"," * @return {!function(Object=, Object=)}"," */","function compile (str, options) {","  return tokensToFunction(parse(str, options))","}","","/**"," * Prettier encoding of URI path segments."," *"," * @param  {string}"," * @return {string}"," */","function encodeURIComponentPretty (str) {","  return encodeURI(str).replace(/[\\/?#]/g, function (c) {","    return '%' + c.charCodeAt(0).toString(16).toUpperCase()","  })","}","","/**"," * Encode the asterisk parameter. Similar to `pretty`, but allows slashes."," *"," * @param  {string}"," * @return {string}"," */","function encodeAsterisk (str) {","  return encodeURI(str).replace(/[?#]/g, function (c) {","    return '%' + c.charCodeAt(0).toString(16).toUpperCase()","  })","}","","/**"," * Expose a method for transforming tokens into the path function."," */","function tokensToFunction (tokens) {","  // Compile all the tokens into regexps.","  var matches = new Array(tokens.length)","","  // Compile all the patterns before compilation.","  for (var i = 0; i < tokens.length; i++) {","    if (typeof tokens[i] === 'object') {","      matches[i] = new RegExp('^(?:' + tokens[i].pattern + ')$')","    }","  }","","  return function (obj, opts) {","    var path = ''","    var data = obj || {}","    var options = opts || {}","    var encode = options.pretty ? encodeURIComponentPretty : encodeURIComponent","","    for (var i = 0; i < tokens.length; i++) {","      var token = tokens[i]","","      if (typeof token === 'string') {","        path += token","","        continue","      }","","      var value = data[token.name]","      var segment","","      if (value == null) {","        if (token.optional) {","          // Prepend partial segment prefixes.","          if (token.partial) {","            path += token.prefix","          }","","          continue","        } else {","          throw new TypeError('Expected \"' + token.name + '\" to be defined')","        }","      }","","      if (isarray(value)) {","        if (!token.repeat) {","          throw new TypeError('Expected \"' + token.name + '\" to not repeat, but received `' + JSON.stringify(value) + '`')","        }","","        if (value.length === 0) {","          if (token.optional) {","            continue","          } else {","            throw new TypeError('Expected \"' + token.name + '\" to not be empty')","          }","        }","","        for (var j = 0; j < value.length; j++) {","          segment = encode(value[j])","","          if (!matches[i].test(segment)) {","            throw new TypeError('Expected all \"' + token.name + '\" to match \"' + token.pattern + '\", but received `' + JSON.stringify(segment) + '`')","          }","","          path += (j === 0 ? token.prefix : token.delimiter) + segment","        }","","        continue","      }","","      segment = token.asterisk ? encodeAsterisk(value) : encode(value)","","      if (!matches[i].test(segment)) {","        throw new TypeError('Expected \"' + token.name + '\" to match \"' + token.pattern + '\", but received \"' + segment + '\"')","      }","","      path += token.prefix + segment","    }","","    return path","  }","}","","/**"," * Escape a regular expression string."," *"," * @param  {string} str"," * @return {string}"," */","function escapeString (str) {","  return str.replace(/([.+*?=^!:${}()[\\]|\\/\\\\])/g, '\\\\$1')","}","","/**"," * Escape the capturing group by escaping special characters and meaning."," *"," * @param  {string} group"," * @return {string}"," */","function escapeGroup (group) {","  return group.replace(/([=!:$\\/()])/g, '\\\\$1')","}","","/**"," * Attach the keys as a property of the regexp."," *"," * @param  {!RegExp} re"," * @param  {Array}   keys"," * @return {!RegExp}"," */","function attachKeys (re, keys) {","  re.keys = keys","  return re","}","","/**"," * Get the flags for a regexp from the options."," *"," * @param  {Object} options"," * @return {string}"," */","function flags (options) {","  return options.sensitive ? '' : 'i'","}","","/**"," * Pull out keys from a regexp."," *"," * @param  {!RegExp} path"," * @param  {!Array}  keys"," * @return {!RegExp}"," */","function regexpToRegexp (path, keys) {","  // Use a negative lookahead to match only capturing groups.","  var groups = path.source.match(/\\((?!\\?)/g)","","  if (groups) {","    for (var i = 0; i < groups.length; i++) {","      keys.push({","        name: i,","        prefix: null,","        delimiter: null,","        optional: false,","        repeat: false,","        partial: false,","        asterisk: false,","        pattern: null","      })","    }","  }","","  return attachKeys(path, keys)","}","","/**"," * Transform an array into a regexp."," *"," * @param  {!Array}  path"," * @param  {Array}   keys"," * @param  {!Object} options"," * @return {!RegExp}"," */","function arrayToRegexp (path, keys, options) {","  var parts = []","","  for (var i = 0; i < path.length; i++) {","    parts.push(pathToRegexp(path[i], keys, options).source)","  }","","  var regexp = new RegExp('(?:' + parts.join('|') + ')', flags(options))","","  return attachKeys(regexp, keys)","}","","/**"," * Create a path regexp from string input."," *"," * @param  {string}  path"," * @param  {!Array}  keys"," * @param  {!Object} options"," * @return {!RegExp}"," */","function stringToRegexp (path, keys, options) {","  return tokensToRegExp(parse(path, options), keys, options)","}","","/**"," * Expose a function for taking tokens and returning a RegExp."," *"," * @param  {!Array}          tokens"," * @param  {(Array|Object)=} keys"," * @param  {Object=}         options"," * @return {!RegExp}"," */","function tokensToRegExp (tokens, keys, options) {","  if (!isarray(keys)) {","    options = /** @type {!Object} */ (keys || options)","    keys = []","  }","","  options = options || {}","","  var strict = options.strict","  var end = options.end !== false","  var route = ''","","  // Iterate over the tokens and create our regexp string.","  for (var i = 0; i < tokens.length; i++) {","    var token = tokens[i]","","    if (typeof token === 'string') {","      route += escapeString(token)","    } else {","      var prefix = escapeString(token.prefix)","      var capture = '(?:' + token.pattern + ')'","","      keys.push(token)","","      if (token.repeat) {","        capture += '(?:' + prefix + capture + ')*'","      }","","      if (token.optional) {","        if (!token.partial) {","          capture = '(?:' + prefix + '(' + capture + '))?'","        } else {","          capture = prefix + '(' + capture + ')?'","        }","      } else {","        capture = prefix + '(' + capture + ')'","      }","","      route += capture","    }","  }","","  var delimiter = escapeString(options.delimiter || '/')","  var endsWithDelimiter = route.slice(-delimiter.length) === delimiter","","  // In non-strict mode we allow a slash at the end of match. If the path to","  // match already ends with a slash, we remove it for consistency. The slash","  // is valid at the end of a path match, not in the middle. This is important","  // in non-ending mode, where \"/test/\" shouldn't match \"/test//route\".","  if (!strict) {","    route = (endsWithDelimiter ? route.slice(0, -delimiter.length) : route) + '(?:' + delimiter + '(?=$))?'","  }","","  if (end) {","    route += '$'","  } else {","    // In non-ending mode, we need the capturing groups to match as much as","    // possible by using a positive lookahead to the end or next path segment.","    route += strict && endsWithDelimiter ? '' : '(?=' + delimiter + '|$)'","  }","","  return attachKeys(new RegExp('^' + route, flags(options)), keys)","}","","/**"," * Normalize the given path string, returning a regular expression."," *"," * An empty array can be passed in for the keys, which will hold the"," * placeholder key descriptions. For example, using `/user/:id`, `keys` will"," * contain `[{ name: 'id', delimiter: '/', optional: false, repeat: false }]`."," *"," * @param  {(string|RegExp|Array)} path"," * @param  {(Array|Object)=}       keys"," * @param  {Object=}               options"," * @return {!RegExp}"," */","function pathToRegexp (path, keys, options) {","  if (!isarray(keys)) {","    options = /** @type {!Object} */ (keys || options)","    keys = []","  }","","  options = options || {}","","  if (path instanceof RegExp) {","    return regexpToRegexp(path, /** @type {!Array} */ (keys))","  }","","  if (isarray(path)) {","    return arrayToRegexp(/** @type {!Array} */ (path), /** @type {!Array} */ (keys), options)","  }","","  return stringToRegexp(/** @type {string} */ (path), /** @type {!Array} */ (keys), options)","}",""],"l":{"1":1,"6":1,"7":1,"8":1,"9":1,"10":1,"17":1,"37":1,"38":0,"39":0,"40":0,"41":0,"42":0,"43":0,"45":0,"46":0,"47":0,"48":0,"49":0,"50":0,"53":0,"54":0,"55":0,"58":0,"59":0,"60":0,"61":0,"62":0,"63":0,"64":0,"67":0,"68":0,"69":0,"72":0,"73":0,"74":0,"75":0,"76":0,"78":0,"91":0,"92":0,"96":0,"97":0,"100":0,"110":1,"111":0,"120":1,"121":0,"122":0,"132":1,"133":0,"134":0,"141":1,"143":0,"146":0,"147":0,"148":0,"152":0,"153":0,"154":0,"155":0,"156":0,"158":0,"159":0,"161":0,"162":0,"164":0,"167":0,"168":0,"170":0,"171":0,"173":0,"174":0,"177":0,"179":0,"183":0,"184":0,"185":0,"188":0,"189":0,"190":0,"192":0,"196":0,"197":0,"199":0,"200":0,"203":0,"206":0,"209":0,"211":0,"212":0,"215":0,"218":0,"228":1,"229":0,"238":1,"239":0,"249":1,"250":0,"251":0,"260":1,"261":0,"271":1,"273":0,"275":0,"276":0,"277":0,"290":0,"301":1,"302":0,"304":0,"305":0,"308":0,"310":0,"321":1,"322":0,"333":1,"334":0,"335":0,"336":0,"339":0,"341":0,"342":0,"343":0,"346":0,"347":0,"349":0,"350":0,"352":0,"353":0,"355":0,"357":0,"358":0,"361":0,"362":0,"363":0,"365":0,"368":0,"371":0,"375":0,"376":0,"382":0,"383":0,"386":0,"387":0,"391":0,"394":0,"409":1,"410":0,"411":0,"412":0,"415":0,"417":0,"418":0,"421":0,"422":0,"425":0}}}